Created by PLY version 3.11 (http://www.dabeaz.com/ply)

Unused terminals:

    ANDEQUAL
    ASIGNACION
    COMENTARIO
    ELSE
    ELSEIF
    POP
    PUNTO
    SIGNOID

Grammar

Rule 0     S' -> sentencias
Rule 1     sentencias -> asignacion
Rule 2     sentencias -> echo
Rule 3     sentencias -> funcion
Rule 4     sentencias -> print
Rule 5     sentencias -> operadorAritmetico
Rule 6     sentencias -> return
Rule 7     sentencias -> estructurasDeDatos
Rule 8     sentencias -> estructurasControl
Rule 9     sentencias -> operaciones
Rule 10    valores -> valor
Rule 11    valores -> valor COMA valores
Rule 12    NUMERO -> ENTERO
Rule 13    NUMERO -> FLOTANTE
Rule 14    valor -> NUMERO
Rule 15    valor -> CADENA
Rule 16    valor -> BOOLEAN
Rule 17    valor -> IDENTIFICADOR
Rule 18    comparadorNum -> MAYORQUE
Rule 19    comparadorNum -> MAYORIGUALQUE
Rule 20    comparadorNum -> MENORQUE
Rule 21    comparadorNum -> MENORIGUALQUE
Rule 22    comparador -> IDENTICO
Rule 23    comparador -> NOIDENTICO
Rule 24    comparador -> IGUAL
Rule 25    variable -> NUMERO
Rule 26    variable -> IDENTIFICADOR
Rule 27    comparaciones -> comparacion
Rule 28    comparaciones -> comparacion operadores comparaciones
Rule 29    comparacion -> variable comparadorNum variable
Rule 30    comparacion -> valor comparador valor
Rule 31    incrementoDecremento -> INCREMENTO
Rule 32    incrementoDecremento -> DECREMENTO
Rule 33    incrementoDecremento -> SUMA ENTERO
Rule 34    incrementoDecremento -> RESTA ENTERO
Rule 35    operadores -> OPERADOR
Rule 36    operadores -> AND
Rule 37    operadores -> OR
Rule 38    operaciones -> operacion
Rule 39    operaciones -> operacion operadorAritmetico operaciones
Rule 40    operaciones -> IDENTIFICADOR ASIGNAR operaciones
Rule 41    operacion -> variable operadorAritmetico variable
Rule 42    operadorAritmetico -> SUMA
Rule 43    operadorAritmetico -> RESTA
Rule 44    operadorAritmetico -> MULT
Rule 45    operadorAritmetico -> DIVISION
Rule 46    operadorAritmetico -> DIVISIONENTERA
Rule 47    operadorAritmetico -> MODULO
Rule 48    operadorAritmetico -> POTENCIA
Rule 49    asignacion -> IDENTIFICADOR ASIGNAR valor PUNTOCOMA
Rule 50    print -> PRINT PARENIZ valores PARENDER PUNTOCOMA
Rule 51    print -> PRINT valor PUNTOCOMA
Rule 52    print -> PRINT PARENIZ PARENDER PUNTOCOMA
Rule 53    echo -> ECHO valores PUNTOCOMA
Rule 54    funcion -> FUNCTION NAMEFUNCTION PARENIZ parametro PARENDER LLAVEIZ
Rule 55    parametro -> IDENTIFICADOR
Rule 56    parametro -> IDENTIFICADOR COMA parametro
Rule 57    funcion -> NAMEFUNCTION PARENIZ parametro PARENDER PUNTOCOMA
Rule 58    funcion -> IDENTIFICADOR ASIGNAR NAMEFUNCTION PARENIZ parametro PARENDER PUNTOCOMA
Rule 59    return -> RETURN IDENTIFICADOR PUNTOCOMA
Rule 60    estructurasControl -> while
Rule 61    estructurasControl -> for
Rule 62    estructurasControl -> if
Rule 63    estructurasControl -> foreach
Rule 64    estructurasControl -> switch
Rule 65    while -> WHILE PARENIZ comparaciones PARENDER LLAVEIZ
Rule 66    for -> FOR PARENIZ IDENTIFICADOR ASIGNAR ENTERO PUNTOCOMA IDENTIFICADOR comparadorNum ENTERO PUNTOCOMA IDENTIFICADOR incrementoDecremento PARENDER LLAVEIZ
Rule 67    foreach -> FOREACH PARENIZ IDENTIFICADOR AS IDENTIFICADOR PARENDER LLAVEIZ
Rule 68    switch -> SWITCH PARENIZ valor PARENDER LLAVEIZ casos DEFAULT DOSPUNTOS echo LLAVEDER
Rule 69    casos -> caso
Rule 70    casos -> caso casos
Rule 71    caso -> CASE valor DOSPUNTOS echo BREAK PUNTOCOMA
Rule 72    if -> IF PARENIZ comparaciones PARENDER LLAVEIZ
Rule 73    if -> IF PARENIZ IDENTIFICADOR PARENDER LLAVEIZ
Rule 74    estructurasDeDatos -> queue
Rule 75    estructurasDeDatos -> stack
Rule 76    estructurasDeDatos -> array
Rule 77    stack -> IDENTIFICADOR FLECHASIMPLE PUSH PARENIZ valor PARENDER PUNTOCOMA
Rule 78    stack -> IDENTIFICADOR ASIGNAR NEW STACK PARENIZ PARENDER PUNTOCOMA
Rule 79    stack -> IDENTIFICADOR FLECHASIMPLE NEXT PARENIZ PARENDER PUNTOCOMA
Rule 80    stack -> IDENTIFICADOR FLECHASIMPLE REWIND PARENIZ PARENDER PUNTOCOMA
Rule 81    stack -> IDENTIFICADOR FLECHASIMPLE CURRENT PARENIZ PARENDER PUNTOCOMA
Rule 82    stack -> IDENTIFICADOR FLECHASIMPLE VALID PARENIZ PARENDER
Rule 83    queue -> IDENTIFICADOR ASIGNAR NEW QUEUE PARENIZ PARENDER PUNTOCOMA
Rule 84    queue -> IDENTIFICADOR FLECHASIMPLE ENQUEUE PARENIZ valor PARENDER PUNTOCOMA
Rule 85    queue -> IDENTIFICADOR FLECHASIMPLE COUNT PARENIZ PARENDER PUNTOCOMA
Rule 86    queue -> IDENTIFICADOR FLECHASIMPLE DEQUEUE PARENIZ PARENDER PUNTOCOMA
Rule 87    queue -> IDENTIFICADOR FLECHASIMPLE NEXT PARENIZ PARENDER PUNTOCOMA
Rule 88    queue -> IDENTIFICADOR FLECHASIMPLE REWIND PARENIZ PARENDER PUNTOCOMA
Rule 89    queue -> IDENTIFICADOR FLECHASIMPLE CURRENT PARENIZ PARENDER PUNTOCOMA
Rule 90    queue -> IDENTIFICADOR FLECHASIMPLE VALID PARENIZ PARENDER
Rule 91    array -> IDENTIFICADOR ASIGNAR ARRAY PARENIZ valores PARENDER PUNTOCOMA
Rule 92    array -> IDENTIFICADOR ASIGNAR CORCHETEIZ valores CORCHETEDER PUNTOCOMA

Terminals, with rules where they appear

AND                  : 36
ANDEQUAL             : 
ARRAY                : 91
AS                   : 67
ASIGNACION           : 
ASIGNAR              : 40 49 58 66 78 83 91 92
BOOLEAN              : 16
BREAK                : 71
CADENA               : 15
CASE                 : 71
COMA                 : 11 56
COMENTARIO           : 
CORCHETEDER          : 92
CORCHETEIZ           : 92
COUNT                : 85
CURRENT              : 81 89
DECREMENTO           : 32
DEFAULT              : 68
DEQUEUE              : 86
DIVISION             : 45
DIVISIONENTERA       : 46
DOSPUNTOS            : 68 71
ECHO                 : 53
ELSE                 : 
ELSEIF               : 
ENQUEUE              : 84
ENTERO               : 12 33 34 66 66
FLECHASIMPLE         : 77 79 80 81 82 84 85 86 87 88 89 90
FLOTANTE             : 13
FOR                  : 66
FOREACH              : 67
FUNCTION             : 54
IDENTICO             : 22
IDENTIFICADOR        : 17 26 40 49 55 56 58 59 66 66 66 67 67 73 77 78 79 80 81 82 83 84 85 86 87 88 89 90 91 92
IF                   : 72 73
IGUAL                : 24
INCREMENTO           : 31
LLAVEDER             : 68
LLAVEIZ              : 54 65 66 67 68 72 73
MAYORIGUALQUE        : 19
MAYORQUE             : 18
MENORIGUALQUE        : 21
MENORQUE             : 20
MODULO               : 47
MULT                 : 44
NAMEFUNCTION         : 54 57 58
NEW                  : 78 83
NEXT                 : 79 87
NOIDENTICO           : 23
OPERADOR             : 35
OR                   : 37
PARENDER             : 50 52 54 57 58 65 66 67 68 72 73 77 78 79 80 81 82 83 84 85 86 87 88 89 90 91
PARENIZ              : 50 52 54 57 58 65 66 67 68 72 73 77 78 79 80 81 82 83 84 85 86 87 88 89 90 91
POP                  : 
POTENCIA             : 48
PRINT                : 50 51 52
PUNTO                : 
PUNTOCOMA            : 49 50 51 52 53 57 58 59 66 66 71 77 78 79 80 81 83 84 85 86 87 88 89 91 92
PUSH                 : 77
QUEUE                : 83
RESTA                : 34 43
RETURN               : 59
REWIND               : 80 88
SIGNOID              : 
STACK                : 78
SUMA                 : 33 42
SWITCH               : 68
VALID                : 82 90
WHILE                : 65
error                : 

Nonterminals, with rules where they appear

NUMERO               : 14 25
array                : 76
asignacion           : 1
caso                 : 69 70
casos                : 68 70
comparacion          : 27 28
comparaciones        : 28 65 72
comparador           : 30
comparadorNum        : 29 66
echo                 : 2 68 71
estructurasControl   : 8
estructurasDeDatos   : 7
for                  : 61
foreach              : 63
funcion              : 3
if                   : 62
incrementoDecremento : 66
operacion            : 38 39
operaciones          : 9 39 40
operadorAritmetico   : 5 39 41
operadores           : 28
parametro            : 54 56 57 58
print                : 4
queue                : 74
return               : 6
sentencias           : 0
stack                : 75
switch               : 64
valor                : 10 11 30 30 49 51 68 71 77 84
valores              : 11 50 53 91 92
variable             : 29 29 41 41
while                : 60

Parsing method: LALR

state 0

    (0) S' -> . sentencias
    (1) sentencias -> . asignacion
    (2) sentencias -> . echo
    (3) sentencias -> . funcion
    (4) sentencias -> . print
    (5) sentencias -> . operadorAritmetico
    (6) sentencias -> . return
    (7) sentencias -> . estructurasDeDatos
    (8) sentencias -> . estructurasControl
    (9) sentencias -> . operaciones
    (49) asignacion -> . IDENTIFICADOR ASIGNAR valor PUNTOCOMA
    (53) echo -> . ECHO valores PUNTOCOMA
    (54) funcion -> . FUNCTION NAMEFUNCTION PARENIZ parametro PARENDER LLAVEIZ
    (57) funcion -> . NAMEFUNCTION PARENIZ parametro PARENDER PUNTOCOMA
    (58) funcion -> . IDENTIFICADOR ASIGNAR NAMEFUNCTION PARENIZ parametro PARENDER PUNTOCOMA
    (50) print -> . PRINT PARENIZ valores PARENDER PUNTOCOMA
    (51) print -> . PRINT valor PUNTOCOMA
    (52) print -> . PRINT PARENIZ PARENDER PUNTOCOMA
    (42) operadorAritmetico -> . SUMA
    (43) operadorAritmetico -> . RESTA
    (44) operadorAritmetico -> . MULT
    (45) operadorAritmetico -> . DIVISION
    (46) operadorAritmetico -> . DIVISIONENTERA
    (47) operadorAritmetico -> . MODULO
    (48) operadorAritmetico -> . POTENCIA
    (59) return -> . RETURN IDENTIFICADOR PUNTOCOMA
    (74) estructurasDeDatos -> . queue
    (75) estructurasDeDatos -> . stack
    (76) estructurasDeDatos -> . array
    (60) estructurasControl -> . while
    (61) estructurasControl -> . for
    (62) estructurasControl -> . if
    (63) estructurasControl -> . foreach
    (64) estructurasControl -> . switch
    (38) operaciones -> . operacion
    (39) operaciones -> . operacion operadorAritmetico operaciones
    (40) operaciones -> . IDENTIFICADOR ASIGNAR operaciones
    (83) queue -> . IDENTIFICADOR ASIGNAR NEW QUEUE PARENIZ PARENDER PUNTOCOMA
    (84) queue -> . IDENTIFICADOR FLECHASIMPLE ENQUEUE PARENIZ valor PARENDER PUNTOCOMA
    (85) queue -> . IDENTIFICADOR FLECHASIMPLE COUNT PARENIZ PARENDER PUNTOCOMA
    (86) queue -> . IDENTIFICADOR FLECHASIMPLE DEQUEUE PARENIZ PARENDER PUNTOCOMA
    (87) queue -> . IDENTIFICADOR FLECHASIMPLE NEXT PARENIZ PARENDER PUNTOCOMA
    (88) queue -> . IDENTIFICADOR FLECHASIMPLE REWIND PARENIZ PARENDER PUNTOCOMA
    (89) queue -> . IDENTIFICADOR FLECHASIMPLE CURRENT PARENIZ PARENDER PUNTOCOMA
    (90) queue -> . IDENTIFICADOR FLECHASIMPLE VALID PARENIZ PARENDER
    (77) stack -> . IDENTIFICADOR FLECHASIMPLE PUSH PARENIZ valor PARENDER PUNTOCOMA
    (78) stack -> . IDENTIFICADOR ASIGNAR NEW STACK PARENIZ PARENDER PUNTOCOMA
    (79) stack -> . IDENTIFICADOR FLECHASIMPLE NEXT PARENIZ PARENDER PUNTOCOMA
    (80) stack -> . IDENTIFICADOR FLECHASIMPLE REWIND PARENIZ PARENDER PUNTOCOMA
    (81) stack -> . IDENTIFICADOR FLECHASIMPLE CURRENT PARENIZ PARENDER PUNTOCOMA
    (82) stack -> . IDENTIFICADOR FLECHASIMPLE VALID PARENIZ PARENDER
    (91) array -> . IDENTIFICADOR ASIGNAR ARRAY PARENIZ valores PARENDER PUNTOCOMA
    (92) array -> . IDENTIFICADOR ASIGNAR CORCHETEIZ valores CORCHETEDER PUNTOCOMA
    (65) while -> . WHILE PARENIZ comparaciones PARENDER LLAVEIZ
    (66) for -> . FOR PARENIZ IDENTIFICADOR ASIGNAR ENTERO PUNTOCOMA IDENTIFICADOR comparadorNum ENTERO PUNTOCOMA IDENTIFICADOR incrementoDecremento PARENDER LLAVEIZ
    (72) if -> . IF PARENIZ comparaciones PARENDER LLAVEIZ
    (73) if -> . IF PARENIZ IDENTIFICADOR PARENDER LLAVEIZ
    (67) foreach -> . FOREACH PARENIZ IDENTIFICADOR AS IDENTIFICADOR PARENDER LLAVEIZ
    (68) switch -> . SWITCH PARENIZ valor PARENDER LLAVEIZ casos DEFAULT DOSPUNTOS echo LLAVEDER
    (41) operacion -> . variable operadorAritmetico variable
    (25) variable -> . NUMERO
    (26) variable -> . IDENTIFICADOR
    (12) NUMERO -> . ENTERO
    (13) NUMERO -> . FLOTANTE

    IDENTIFICADOR   shift and go to state 11
    ECHO            shift and go to state 12
    FUNCTION        shift and go to state 13
    NAMEFUNCTION    shift and go to state 14
    PRINT           shift and go to state 15
    SUMA            shift and go to state 16
    RESTA           shift and go to state 17
    MULT            shift and go to state 18
    DIVISION        shift and go to state 19
    DIVISIONENTERA  shift and go to state 20
    MODULO          shift and go to state 21
    POTENCIA        shift and go to state 22
    RETURN          shift and go to state 23
    WHILE           shift and go to state 33
    FOR             shift and go to state 34
    IF              shift and go to state 36
    FOREACH         shift and go to state 37
    SWITCH          shift and go to state 38
    ENTERO          shift and go to state 35
    FLOTANTE        shift and go to state 41

    sentencias                     shift and go to state 1
    asignacion                     shift and go to state 2
    echo                           shift and go to state 3
    funcion                        shift and go to state 4
    print                          shift and go to state 5
    operadorAritmetico             shift and go to state 6
    return                         shift and go to state 7
    estructurasDeDatos             shift and go to state 8
    estructurasControl             shift and go to state 9
    operaciones                    shift and go to state 10
    queue                          shift and go to state 24
    stack                          shift and go to state 25
    array                          shift and go to state 26
    while                          shift and go to state 27
    for                            shift and go to state 28
    if                             shift and go to state 29
    foreach                        shift and go to state 30
    switch                         shift and go to state 31
    operacion                      shift and go to state 32
    variable                       shift and go to state 39
    NUMERO                         shift and go to state 40

state 1

    (0) S' -> sentencias .



state 2

    (1) sentencias -> asignacion .

    $end            reduce using rule 1 (sentencias -> asignacion .)


state 3

    (2) sentencias -> echo .

    $end            reduce using rule 2 (sentencias -> echo .)


state 4

    (3) sentencias -> funcion .

    $end            reduce using rule 3 (sentencias -> funcion .)


state 5

    (4) sentencias -> print .

    $end            reduce using rule 4 (sentencias -> print .)


state 6

    (5) sentencias -> operadorAritmetico .

    $end            reduce using rule 5 (sentencias -> operadorAritmetico .)


state 7

    (6) sentencias -> return .

    $end            reduce using rule 6 (sentencias -> return .)


state 8

    (7) sentencias -> estructurasDeDatos .

    $end            reduce using rule 7 (sentencias -> estructurasDeDatos .)


state 9

    (8) sentencias -> estructurasControl .

    $end            reduce using rule 8 (sentencias -> estructurasControl .)


state 10

    (9) sentencias -> operaciones .

    $end            reduce using rule 9 (sentencias -> operaciones .)


state 11

    (49) asignacion -> IDENTIFICADOR . ASIGNAR valor PUNTOCOMA
    (58) funcion -> IDENTIFICADOR . ASIGNAR NAMEFUNCTION PARENIZ parametro PARENDER PUNTOCOMA
    (40) operaciones -> IDENTIFICADOR . ASIGNAR operaciones
    (83) queue -> IDENTIFICADOR . ASIGNAR NEW QUEUE PARENIZ PARENDER PUNTOCOMA
    (84) queue -> IDENTIFICADOR . FLECHASIMPLE ENQUEUE PARENIZ valor PARENDER PUNTOCOMA
    (85) queue -> IDENTIFICADOR . FLECHASIMPLE COUNT PARENIZ PARENDER PUNTOCOMA
    (86) queue -> IDENTIFICADOR . FLECHASIMPLE DEQUEUE PARENIZ PARENDER PUNTOCOMA
    (87) queue -> IDENTIFICADOR . FLECHASIMPLE NEXT PARENIZ PARENDER PUNTOCOMA
    (88) queue -> IDENTIFICADOR . FLECHASIMPLE REWIND PARENIZ PARENDER PUNTOCOMA
    (89) queue -> IDENTIFICADOR . FLECHASIMPLE CURRENT PARENIZ PARENDER PUNTOCOMA
    (90) queue -> IDENTIFICADOR . FLECHASIMPLE VALID PARENIZ PARENDER
    (77) stack -> IDENTIFICADOR . FLECHASIMPLE PUSH PARENIZ valor PARENDER PUNTOCOMA
    (78) stack -> IDENTIFICADOR . ASIGNAR NEW STACK PARENIZ PARENDER PUNTOCOMA
    (79) stack -> IDENTIFICADOR . FLECHASIMPLE NEXT PARENIZ PARENDER PUNTOCOMA
    (80) stack -> IDENTIFICADOR . FLECHASIMPLE REWIND PARENIZ PARENDER PUNTOCOMA
    (81) stack -> IDENTIFICADOR . FLECHASIMPLE CURRENT PARENIZ PARENDER PUNTOCOMA
    (82) stack -> IDENTIFICADOR . FLECHASIMPLE VALID PARENIZ PARENDER
    (91) array -> IDENTIFICADOR . ASIGNAR ARRAY PARENIZ valores PARENDER PUNTOCOMA
    (92) array -> IDENTIFICADOR . ASIGNAR CORCHETEIZ valores CORCHETEDER PUNTOCOMA
    (26) variable -> IDENTIFICADOR .

    ASIGNAR         shift and go to state 42
    FLECHASIMPLE    shift and go to state 43
    SUMA            reduce using rule 26 (variable -> IDENTIFICADOR .)
    RESTA           reduce using rule 26 (variable -> IDENTIFICADOR .)
    MULT            reduce using rule 26 (variable -> IDENTIFICADOR .)
    DIVISION        reduce using rule 26 (variable -> IDENTIFICADOR .)
    DIVISIONENTERA  reduce using rule 26 (variable -> IDENTIFICADOR .)
    MODULO          reduce using rule 26 (variable -> IDENTIFICADOR .)
    POTENCIA        reduce using rule 26 (variable -> IDENTIFICADOR .)


state 12

    (53) echo -> ECHO . valores PUNTOCOMA
    (10) valores -> . valor
    (11) valores -> . valor COMA valores
    (14) valor -> . NUMERO
    (15) valor -> . CADENA
    (16) valor -> . BOOLEAN
    (17) valor -> . IDENTIFICADOR
    (12) NUMERO -> . ENTERO
    (13) NUMERO -> . FLOTANTE

    CADENA          shift and go to state 47
    BOOLEAN         shift and go to state 48
    IDENTIFICADOR   shift and go to state 49
    ENTERO          shift and go to state 35
    FLOTANTE        shift and go to state 41

    valores                        shift and go to state 44
    valor                          shift and go to state 45
    NUMERO                         shift and go to state 46

state 13

    (54) funcion -> FUNCTION . NAMEFUNCTION PARENIZ parametro PARENDER LLAVEIZ

    NAMEFUNCTION    shift and go to state 50


state 14

    (57) funcion -> NAMEFUNCTION . PARENIZ parametro PARENDER PUNTOCOMA

    PARENIZ         shift and go to state 51


state 15

    (50) print -> PRINT . PARENIZ valores PARENDER PUNTOCOMA
    (51) print -> PRINT . valor PUNTOCOMA
    (52) print -> PRINT . PARENIZ PARENDER PUNTOCOMA
    (14) valor -> . NUMERO
    (15) valor -> . CADENA
    (16) valor -> . BOOLEAN
    (17) valor -> . IDENTIFICADOR
    (12) NUMERO -> . ENTERO
    (13) NUMERO -> . FLOTANTE

    PARENIZ         shift and go to state 52
    CADENA          shift and go to state 47
    BOOLEAN         shift and go to state 48
    IDENTIFICADOR   shift and go to state 49
    ENTERO          shift and go to state 35
    FLOTANTE        shift and go to state 41

    valor                          shift and go to state 53
    NUMERO                         shift and go to state 46

state 16

    (42) operadorAritmetico -> SUMA .

    $end            reduce using rule 42 (operadorAritmetico -> SUMA .)
    IDENTIFICADOR   reduce using rule 42 (operadorAritmetico -> SUMA .)
    ENTERO          reduce using rule 42 (operadorAritmetico -> SUMA .)
    FLOTANTE        reduce using rule 42 (operadorAritmetico -> SUMA .)


state 17

    (43) operadorAritmetico -> RESTA .

    $end            reduce using rule 43 (operadorAritmetico -> RESTA .)
    IDENTIFICADOR   reduce using rule 43 (operadorAritmetico -> RESTA .)
    ENTERO          reduce using rule 43 (operadorAritmetico -> RESTA .)
    FLOTANTE        reduce using rule 43 (operadorAritmetico -> RESTA .)


state 18

    (44) operadorAritmetico -> MULT .

    $end            reduce using rule 44 (operadorAritmetico -> MULT .)
    IDENTIFICADOR   reduce using rule 44 (operadorAritmetico -> MULT .)
    ENTERO          reduce using rule 44 (operadorAritmetico -> MULT .)
    FLOTANTE        reduce using rule 44 (operadorAritmetico -> MULT .)


state 19

    (45) operadorAritmetico -> DIVISION .

    $end            reduce using rule 45 (operadorAritmetico -> DIVISION .)
    IDENTIFICADOR   reduce using rule 45 (operadorAritmetico -> DIVISION .)
    ENTERO          reduce using rule 45 (operadorAritmetico -> DIVISION .)
    FLOTANTE        reduce using rule 45 (operadorAritmetico -> DIVISION .)


state 20

    (46) operadorAritmetico -> DIVISIONENTERA .

    $end            reduce using rule 46 (operadorAritmetico -> DIVISIONENTERA .)
    IDENTIFICADOR   reduce using rule 46 (operadorAritmetico -> DIVISIONENTERA .)
    ENTERO          reduce using rule 46 (operadorAritmetico -> DIVISIONENTERA .)
    FLOTANTE        reduce using rule 46 (operadorAritmetico -> DIVISIONENTERA .)


state 21

    (47) operadorAritmetico -> MODULO .

    $end            reduce using rule 47 (operadorAritmetico -> MODULO .)
    IDENTIFICADOR   reduce using rule 47 (operadorAritmetico -> MODULO .)
    ENTERO          reduce using rule 47 (operadorAritmetico -> MODULO .)
    FLOTANTE        reduce using rule 47 (operadorAritmetico -> MODULO .)


state 22

    (48) operadorAritmetico -> POTENCIA .

    $end            reduce using rule 48 (operadorAritmetico -> POTENCIA .)
    IDENTIFICADOR   reduce using rule 48 (operadorAritmetico -> POTENCIA .)
    ENTERO          reduce using rule 48 (operadorAritmetico -> POTENCIA .)
    FLOTANTE        reduce using rule 48 (operadorAritmetico -> POTENCIA .)


state 23

    (59) return -> RETURN . IDENTIFICADOR PUNTOCOMA

    IDENTIFICADOR   shift and go to state 54


state 24

    (74) estructurasDeDatos -> queue .

    $end            reduce using rule 74 (estructurasDeDatos -> queue .)


state 25

    (75) estructurasDeDatos -> stack .

    $end            reduce using rule 75 (estructurasDeDatos -> stack .)


state 26

    (76) estructurasDeDatos -> array .

    $end            reduce using rule 76 (estructurasDeDatos -> array .)


state 27

    (60) estructurasControl -> while .

    $end            reduce using rule 60 (estructurasControl -> while .)


state 28

    (61) estructurasControl -> for .

    $end            reduce using rule 61 (estructurasControl -> for .)


state 29

    (62) estructurasControl -> if .

    $end            reduce using rule 62 (estructurasControl -> if .)


state 30

    (63) estructurasControl -> foreach .

    $end            reduce using rule 63 (estructurasControl -> foreach .)


state 31

    (64) estructurasControl -> switch .

    $end            reduce using rule 64 (estructurasControl -> switch .)


state 32

    (38) operaciones -> operacion .
    (39) operaciones -> operacion . operadorAritmetico operaciones
    (42) operadorAritmetico -> . SUMA
    (43) operadorAritmetico -> . RESTA
    (44) operadorAritmetico -> . MULT
    (45) operadorAritmetico -> . DIVISION
    (46) operadorAritmetico -> . DIVISIONENTERA
    (47) operadorAritmetico -> . MODULO
    (48) operadorAritmetico -> . POTENCIA

    $end            reduce using rule 38 (operaciones -> operacion .)
    SUMA            shift and go to state 16
    RESTA           shift and go to state 17
    MULT            shift and go to state 18
    DIVISION        shift and go to state 19
    DIVISIONENTERA  shift and go to state 20
    MODULO          shift and go to state 21
    POTENCIA        shift and go to state 22

    operadorAritmetico             shift and go to state 55

state 33

    (65) while -> WHILE . PARENIZ comparaciones PARENDER LLAVEIZ

    PARENIZ         shift and go to state 56


state 34

    (66) for -> FOR . PARENIZ IDENTIFICADOR ASIGNAR ENTERO PUNTOCOMA IDENTIFICADOR comparadorNum ENTERO PUNTOCOMA IDENTIFICADOR incrementoDecremento PARENDER LLAVEIZ

    PARENIZ         shift and go to state 57


state 35

    (12) NUMERO -> ENTERO .

    SUMA            reduce using rule 12 (NUMERO -> ENTERO .)
    RESTA           reduce using rule 12 (NUMERO -> ENTERO .)
    MULT            reduce using rule 12 (NUMERO -> ENTERO .)
    DIVISION        reduce using rule 12 (NUMERO -> ENTERO .)
    DIVISIONENTERA  reduce using rule 12 (NUMERO -> ENTERO .)
    MODULO          reduce using rule 12 (NUMERO -> ENTERO .)
    POTENCIA        reduce using rule 12 (NUMERO -> ENTERO .)
    COMA            reduce using rule 12 (NUMERO -> ENTERO .)
    PUNTOCOMA       reduce using rule 12 (NUMERO -> ENTERO .)
    PARENDER        reduce using rule 12 (NUMERO -> ENTERO .)
    MAYORQUE        reduce using rule 12 (NUMERO -> ENTERO .)
    MAYORIGUALQUE   reduce using rule 12 (NUMERO -> ENTERO .)
    MENORQUE        reduce using rule 12 (NUMERO -> ENTERO .)
    MENORIGUALQUE   reduce using rule 12 (NUMERO -> ENTERO .)
    IDENTICO        reduce using rule 12 (NUMERO -> ENTERO .)
    NOIDENTICO      reduce using rule 12 (NUMERO -> ENTERO .)
    IGUAL           reduce using rule 12 (NUMERO -> ENTERO .)
    $end            reduce using rule 12 (NUMERO -> ENTERO .)
    CORCHETEDER     reduce using rule 12 (NUMERO -> ENTERO .)
    OPERADOR        reduce using rule 12 (NUMERO -> ENTERO .)
    AND             reduce using rule 12 (NUMERO -> ENTERO .)
    OR              reduce using rule 12 (NUMERO -> ENTERO .)
    DOSPUNTOS       reduce using rule 12 (NUMERO -> ENTERO .)


state 36

    (72) if -> IF . PARENIZ comparaciones PARENDER LLAVEIZ
    (73) if -> IF . PARENIZ IDENTIFICADOR PARENDER LLAVEIZ

    PARENIZ         shift and go to state 58


state 37

    (67) foreach -> FOREACH . PARENIZ IDENTIFICADOR AS IDENTIFICADOR PARENDER LLAVEIZ

    PARENIZ         shift and go to state 59


state 38

    (68) switch -> SWITCH . PARENIZ valor PARENDER LLAVEIZ casos DEFAULT DOSPUNTOS echo LLAVEDER

    PARENIZ         shift and go to state 60


state 39

    (41) operacion -> variable . operadorAritmetico variable
    (42) operadorAritmetico -> . SUMA
    (43) operadorAritmetico -> . RESTA
    (44) operadorAritmetico -> . MULT
    (45) operadorAritmetico -> . DIVISION
    (46) operadorAritmetico -> . DIVISIONENTERA
    (47) operadorAritmetico -> . MODULO
    (48) operadorAritmetico -> . POTENCIA

    SUMA            shift and go to state 16
    RESTA           shift and go to state 17
    MULT            shift and go to state 18
    DIVISION        shift and go to state 19
    DIVISIONENTERA  shift and go to state 20
    MODULO          shift and go to state 21
    POTENCIA        shift and go to state 22

    operadorAritmetico             shift and go to state 61

state 40

    (25) variable -> NUMERO .

    SUMA            reduce using rule 25 (variable -> NUMERO .)
    RESTA           reduce using rule 25 (variable -> NUMERO .)
    MULT            reduce using rule 25 (variable -> NUMERO .)
    DIVISION        reduce using rule 25 (variable -> NUMERO .)
    DIVISIONENTERA  reduce using rule 25 (variable -> NUMERO .)
    MODULO          reduce using rule 25 (variable -> NUMERO .)
    POTENCIA        reduce using rule 25 (variable -> NUMERO .)
    $end            reduce using rule 25 (variable -> NUMERO .)
    OPERADOR        reduce using rule 25 (variable -> NUMERO .)
    AND             reduce using rule 25 (variable -> NUMERO .)
    OR              reduce using rule 25 (variable -> NUMERO .)
    PARENDER        reduce using rule 25 (variable -> NUMERO .)


state 41

    (13) NUMERO -> FLOTANTE .

    SUMA            reduce using rule 13 (NUMERO -> FLOTANTE .)
    RESTA           reduce using rule 13 (NUMERO -> FLOTANTE .)
    MULT            reduce using rule 13 (NUMERO -> FLOTANTE .)
    DIVISION        reduce using rule 13 (NUMERO -> FLOTANTE .)
    DIVISIONENTERA  reduce using rule 13 (NUMERO -> FLOTANTE .)
    MODULO          reduce using rule 13 (NUMERO -> FLOTANTE .)
    POTENCIA        reduce using rule 13 (NUMERO -> FLOTANTE .)
    COMA            reduce using rule 13 (NUMERO -> FLOTANTE .)
    PUNTOCOMA       reduce using rule 13 (NUMERO -> FLOTANTE .)
    PARENDER        reduce using rule 13 (NUMERO -> FLOTANTE .)
    MAYORQUE        reduce using rule 13 (NUMERO -> FLOTANTE .)
    MAYORIGUALQUE   reduce using rule 13 (NUMERO -> FLOTANTE .)
    MENORQUE        reduce using rule 13 (NUMERO -> FLOTANTE .)
    MENORIGUALQUE   reduce using rule 13 (NUMERO -> FLOTANTE .)
    IDENTICO        reduce using rule 13 (NUMERO -> FLOTANTE .)
    NOIDENTICO      reduce using rule 13 (NUMERO -> FLOTANTE .)
    IGUAL           reduce using rule 13 (NUMERO -> FLOTANTE .)
    $end            reduce using rule 13 (NUMERO -> FLOTANTE .)
    CORCHETEDER     reduce using rule 13 (NUMERO -> FLOTANTE .)
    OPERADOR        reduce using rule 13 (NUMERO -> FLOTANTE .)
    AND             reduce using rule 13 (NUMERO -> FLOTANTE .)
    OR              reduce using rule 13 (NUMERO -> FLOTANTE .)
    DOSPUNTOS       reduce using rule 13 (NUMERO -> FLOTANTE .)


state 42

    (49) asignacion -> IDENTIFICADOR ASIGNAR . valor PUNTOCOMA
    (58) funcion -> IDENTIFICADOR ASIGNAR . NAMEFUNCTION PARENIZ parametro PARENDER PUNTOCOMA
    (40) operaciones -> IDENTIFICADOR ASIGNAR . operaciones
    (83) queue -> IDENTIFICADOR ASIGNAR . NEW QUEUE PARENIZ PARENDER PUNTOCOMA
    (78) stack -> IDENTIFICADOR ASIGNAR . NEW STACK PARENIZ PARENDER PUNTOCOMA
    (91) array -> IDENTIFICADOR ASIGNAR . ARRAY PARENIZ valores PARENDER PUNTOCOMA
    (92) array -> IDENTIFICADOR ASIGNAR . CORCHETEIZ valores CORCHETEDER PUNTOCOMA
    (14) valor -> . NUMERO
    (15) valor -> . CADENA
    (16) valor -> . BOOLEAN
    (17) valor -> . IDENTIFICADOR
    (38) operaciones -> . operacion
    (39) operaciones -> . operacion operadorAritmetico operaciones
    (40) operaciones -> . IDENTIFICADOR ASIGNAR operaciones
    (12) NUMERO -> . ENTERO
    (13) NUMERO -> . FLOTANTE
    (41) operacion -> . variable operadorAritmetico variable
    (25) variable -> . NUMERO
    (26) variable -> . IDENTIFICADOR

    NAMEFUNCTION    shift and go to state 64
    NEW             shift and go to state 66
    ARRAY           shift and go to state 67
    CORCHETEIZ      shift and go to state 68
    CADENA          shift and go to state 47
    BOOLEAN         shift and go to state 48
    IDENTIFICADOR   shift and go to state 62
    ENTERO          shift and go to state 35
    FLOTANTE        shift and go to state 41

    valor                          shift and go to state 63
    operaciones                    shift and go to state 65
    NUMERO                         shift and go to state 69
    operacion                      shift and go to state 32
    variable                       shift and go to state 39

state 43

    (84) queue -> IDENTIFICADOR FLECHASIMPLE . ENQUEUE PARENIZ valor PARENDER PUNTOCOMA
    (85) queue -> IDENTIFICADOR FLECHASIMPLE . COUNT PARENIZ PARENDER PUNTOCOMA
    (86) queue -> IDENTIFICADOR FLECHASIMPLE . DEQUEUE PARENIZ PARENDER PUNTOCOMA
    (87) queue -> IDENTIFICADOR FLECHASIMPLE . NEXT PARENIZ PARENDER PUNTOCOMA
    (88) queue -> IDENTIFICADOR FLECHASIMPLE . REWIND PARENIZ PARENDER PUNTOCOMA
    (89) queue -> IDENTIFICADOR FLECHASIMPLE . CURRENT PARENIZ PARENDER PUNTOCOMA
    (90) queue -> IDENTIFICADOR FLECHASIMPLE . VALID PARENIZ PARENDER
    (77) stack -> IDENTIFICADOR FLECHASIMPLE . PUSH PARENIZ valor PARENDER PUNTOCOMA
    (79) stack -> IDENTIFICADOR FLECHASIMPLE . NEXT PARENIZ PARENDER PUNTOCOMA
    (80) stack -> IDENTIFICADOR FLECHASIMPLE . REWIND PARENIZ PARENDER PUNTOCOMA
    (81) stack -> IDENTIFICADOR FLECHASIMPLE . CURRENT PARENIZ PARENDER PUNTOCOMA
    (82) stack -> IDENTIFICADOR FLECHASIMPLE . VALID PARENIZ PARENDER

    ENQUEUE         shift and go to state 70
    COUNT           shift and go to state 71
    DEQUEUE         shift and go to state 72
    NEXT            shift and go to state 73
    REWIND          shift and go to state 74
    CURRENT         shift and go to state 75
    VALID           shift and go to state 76
    PUSH            shift and go to state 77


state 44

    (53) echo -> ECHO valores . PUNTOCOMA

    PUNTOCOMA       shift and go to state 78


state 45

    (10) valores -> valor .
    (11) valores -> valor . COMA valores

    PUNTOCOMA       reduce using rule 10 (valores -> valor .)
    PARENDER        reduce using rule 10 (valores -> valor .)
    CORCHETEDER     reduce using rule 10 (valores -> valor .)
    COMA            shift and go to state 79


state 46

    (14) valor -> NUMERO .

    COMA            reduce using rule 14 (valor -> NUMERO .)
    PUNTOCOMA       reduce using rule 14 (valor -> NUMERO .)
    PARENDER        reduce using rule 14 (valor -> NUMERO .)
    CORCHETEDER     reduce using rule 14 (valor -> NUMERO .)
    OPERADOR        reduce using rule 14 (valor -> NUMERO .)
    AND             reduce using rule 14 (valor -> NUMERO .)
    OR              reduce using rule 14 (valor -> NUMERO .)
    DOSPUNTOS       reduce using rule 14 (valor -> NUMERO .)


state 47

    (15) valor -> CADENA .

    COMA            reduce using rule 15 (valor -> CADENA .)
    PUNTOCOMA       reduce using rule 15 (valor -> CADENA .)
    PARENDER        reduce using rule 15 (valor -> CADENA .)
    IDENTICO        reduce using rule 15 (valor -> CADENA .)
    NOIDENTICO      reduce using rule 15 (valor -> CADENA .)
    IGUAL           reduce using rule 15 (valor -> CADENA .)
    CORCHETEDER     reduce using rule 15 (valor -> CADENA .)
    OPERADOR        reduce using rule 15 (valor -> CADENA .)
    AND             reduce using rule 15 (valor -> CADENA .)
    OR              reduce using rule 15 (valor -> CADENA .)
    DOSPUNTOS       reduce using rule 15 (valor -> CADENA .)


state 48

    (16) valor -> BOOLEAN .

    COMA            reduce using rule 16 (valor -> BOOLEAN .)
    PUNTOCOMA       reduce using rule 16 (valor -> BOOLEAN .)
    PARENDER        reduce using rule 16 (valor -> BOOLEAN .)
    IDENTICO        reduce using rule 16 (valor -> BOOLEAN .)
    NOIDENTICO      reduce using rule 16 (valor -> BOOLEAN .)
    IGUAL           reduce using rule 16 (valor -> BOOLEAN .)
    CORCHETEDER     reduce using rule 16 (valor -> BOOLEAN .)
    OPERADOR        reduce using rule 16 (valor -> BOOLEAN .)
    AND             reduce using rule 16 (valor -> BOOLEAN .)
    OR              reduce using rule 16 (valor -> BOOLEAN .)
    DOSPUNTOS       reduce using rule 16 (valor -> BOOLEAN .)


state 49

    (17) valor -> IDENTIFICADOR .

    COMA            reduce using rule 17 (valor -> IDENTIFICADOR .)
    PUNTOCOMA       reduce using rule 17 (valor -> IDENTIFICADOR .)
    PARENDER        reduce using rule 17 (valor -> IDENTIFICADOR .)
    CORCHETEDER     reduce using rule 17 (valor -> IDENTIFICADOR .)
    OPERADOR        reduce using rule 17 (valor -> IDENTIFICADOR .)
    AND             reduce using rule 17 (valor -> IDENTIFICADOR .)
    OR              reduce using rule 17 (valor -> IDENTIFICADOR .)
    DOSPUNTOS       reduce using rule 17 (valor -> IDENTIFICADOR .)


state 50

    (54) funcion -> FUNCTION NAMEFUNCTION . PARENIZ parametro PARENDER LLAVEIZ

    PARENIZ         shift and go to state 80


state 51

    (57) funcion -> NAMEFUNCTION PARENIZ . parametro PARENDER PUNTOCOMA
    (55) parametro -> . IDENTIFICADOR
    (56) parametro -> . IDENTIFICADOR COMA parametro

    IDENTIFICADOR   shift and go to state 82

    parametro                      shift and go to state 81

state 52

    (50) print -> PRINT PARENIZ . valores PARENDER PUNTOCOMA
    (52) print -> PRINT PARENIZ . PARENDER PUNTOCOMA
    (10) valores -> . valor
    (11) valores -> . valor COMA valores
    (14) valor -> . NUMERO
    (15) valor -> . CADENA
    (16) valor -> . BOOLEAN
    (17) valor -> . IDENTIFICADOR
    (12) NUMERO -> . ENTERO
    (13) NUMERO -> . FLOTANTE

    PARENDER        shift and go to state 84
    CADENA          shift and go to state 47
    BOOLEAN         shift and go to state 48
    IDENTIFICADOR   shift and go to state 49
    ENTERO          shift and go to state 35
    FLOTANTE        shift and go to state 41

    valores                        shift and go to state 83
    valor                          shift and go to state 45
    NUMERO                         shift and go to state 46

state 53

    (51) print -> PRINT valor . PUNTOCOMA

    PUNTOCOMA       shift and go to state 85


state 54

    (59) return -> RETURN IDENTIFICADOR . PUNTOCOMA

    PUNTOCOMA       shift and go to state 86


state 55

    (39) operaciones -> operacion operadorAritmetico . operaciones
    (38) operaciones -> . operacion
    (39) operaciones -> . operacion operadorAritmetico operaciones
    (40) operaciones -> . IDENTIFICADOR ASIGNAR operaciones
    (41) operacion -> . variable operadorAritmetico variable
    (25) variable -> . NUMERO
    (26) variable -> . IDENTIFICADOR
    (12) NUMERO -> . ENTERO
    (13) NUMERO -> . FLOTANTE

    IDENTIFICADOR   shift and go to state 88
    ENTERO          shift and go to state 35
    FLOTANTE        shift and go to state 41

    operacion                      shift and go to state 32
    operaciones                    shift and go to state 87
    variable                       shift and go to state 39
    NUMERO                         shift and go to state 40

state 56

    (65) while -> WHILE PARENIZ . comparaciones PARENDER LLAVEIZ
    (27) comparaciones -> . comparacion
    (28) comparaciones -> . comparacion operadores comparaciones
    (29) comparacion -> . variable comparadorNum variable
    (30) comparacion -> . valor comparador valor
    (25) variable -> . NUMERO
    (26) variable -> . IDENTIFICADOR
    (14) valor -> . NUMERO
    (15) valor -> . CADENA
    (16) valor -> . BOOLEAN
    (17) valor -> . IDENTIFICADOR
    (12) NUMERO -> . ENTERO
    (13) NUMERO -> . FLOTANTE

    IDENTIFICADOR   shift and go to state 94
    CADENA          shift and go to state 47
    BOOLEAN         shift and go to state 48
    ENTERO          shift and go to state 35
    FLOTANTE        shift and go to state 41

    comparaciones                  shift and go to state 89
    comparacion                    shift and go to state 90
    variable                       shift and go to state 91
    valor                          shift and go to state 92
    NUMERO                         shift and go to state 93

state 57

    (66) for -> FOR PARENIZ . IDENTIFICADOR ASIGNAR ENTERO PUNTOCOMA IDENTIFICADOR comparadorNum ENTERO PUNTOCOMA IDENTIFICADOR incrementoDecremento PARENDER LLAVEIZ

    IDENTIFICADOR   shift and go to state 95


state 58

    (72) if -> IF PARENIZ . comparaciones PARENDER LLAVEIZ
    (73) if -> IF PARENIZ . IDENTIFICADOR PARENDER LLAVEIZ
    (27) comparaciones -> . comparacion
    (28) comparaciones -> . comparacion operadores comparaciones
    (29) comparacion -> . variable comparadorNum variable
    (30) comparacion -> . valor comparador valor
    (25) variable -> . NUMERO
    (26) variable -> . IDENTIFICADOR
    (14) valor -> . NUMERO
    (15) valor -> . CADENA
    (16) valor -> . BOOLEAN
    (17) valor -> . IDENTIFICADOR
    (12) NUMERO -> . ENTERO
    (13) NUMERO -> . FLOTANTE

    IDENTIFICADOR   shift and go to state 97
    CADENA          shift and go to state 47
    BOOLEAN         shift and go to state 48
    ENTERO          shift and go to state 35
    FLOTANTE        shift and go to state 41

    comparaciones                  shift and go to state 96
    comparacion                    shift and go to state 90
    variable                       shift and go to state 91
    valor                          shift and go to state 92
    NUMERO                         shift and go to state 93

state 59

    (67) foreach -> FOREACH PARENIZ . IDENTIFICADOR AS IDENTIFICADOR PARENDER LLAVEIZ

    IDENTIFICADOR   shift and go to state 98


state 60

    (68) switch -> SWITCH PARENIZ . valor PARENDER LLAVEIZ casos DEFAULT DOSPUNTOS echo LLAVEDER
    (14) valor -> . NUMERO
    (15) valor -> . CADENA
    (16) valor -> . BOOLEAN
    (17) valor -> . IDENTIFICADOR
    (12) NUMERO -> . ENTERO
    (13) NUMERO -> . FLOTANTE

    CADENA          shift and go to state 47
    BOOLEAN         shift and go to state 48
    IDENTIFICADOR   shift and go to state 49
    ENTERO          shift and go to state 35
    FLOTANTE        shift and go to state 41

    valor                          shift and go to state 99
    NUMERO                         shift and go to state 46

state 61

    (41) operacion -> variable operadorAritmetico . variable
    (25) variable -> . NUMERO
    (26) variable -> . IDENTIFICADOR
    (12) NUMERO -> . ENTERO
    (13) NUMERO -> . FLOTANTE

    IDENTIFICADOR   shift and go to state 101
    ENTERO          shift and go to state 35
    FLOTANTE        shift and go to state 41

    variable                       shift and go to state 100
    NUMERO                         shift and go to state 40

state 62

    (17) valor -> IDENTIFICADOR .
    (40) operaciones -> IDENTIFICADOR . ASIGNAR operaciones
    (26) variable -> IDENTIFICADOR .

    PUNTOCOMA       reduce using rule 17 (valor -> IDENTIFICADOR .)
    ASIGNAR         shift and go to state 102
    SUMA            reduce using rule 26 (variable -> IDENTIFICADOR .)
    RESTA           reduce using rule 26 (variable -> IDENTIFICADOR .)
    MULT            reduce using rule 26 (variable -> IDENTIFICADOR .)
    DIVISION        reduce using rule 26 (variable -> IDENTIFICADOR .)
    DIVISIONENTERA  reduce using rule 26 (variable -> IDENTIFICADOR .)
    MODULO          reduce using rule 26 (variable -> IDENTIFICADOR .)
    POTENCIA        reduce using rule 26 (variable -> IDENTIFICADOR .)


state 63

    (49) asignacion -> IDENTIFICADOR ASIGNAR valor . PUNTOCOMA

    PUNTOCOMA       shift and go to state 103


state 64

    (58) funcion -> IDENTIFICADOR ASIGNAR NAMEFUNCTION . PARENIZ parametro PARENDER PUNTOCOMA

    PARENIZ         shift and go to state 104


state 65

    (40) operaciones -> IDENTIFICADOR ASIGNAR operaciones .

    $end            reduce using rule 40 (operaciones -> IDENTIFICADOR ASIGNAR operaciones .)


state 66

    (83) queue -> IDENTIFICADOR ASIGNAR NEW . QUEUE PARENIZ PARENDER PUNTOCOMA
    (78) stack -> IDENTIFICADOR ASIGNAR NEW . STACK PARENIZ PARENDER PUNTOCOMA

    QUEUE           shift and go to state 105
    STACK           shift and go to state 106


state 67

    (91) array -> IDENTIFICADOR ASIGNAR ARRAY . PARENIZ valores PARENDER PUNTOCOMA

    PARENIZ         shift and go to state 107


state 68

    (92) array -> IDENTIFICADOR ASIGNAR CORCHETEIZ . valores CORCHETEDER PUNTOCOMA
    (10) valores -> . valor
    (11) valores -> . valor COMA valores
    (14) valor -> . NUMERO
    (15) valor -> . CADENA
    (16) valor -> . BOOLEAN
    (17) valor -> . IDENTIFICADOR
    (12) NUMERO -> . ENTERO
    (13) NUMERO -> . FLOTANTE

    CADENA          shift and go to state 47
    BOOLEAN         shift and go to state 48
    IDENTIFICADOR   shift and go to state 49
    ENTERO          shift and go to state 35
    FLOTANTE        shift and go to state 41

    valores                        shift and go to state 108
    valor                          shift and go to state 45
    NUMERO                         shift and go to state 46

state 69

    (14) valor -> NUMERO .
    (25) variable -> NUMERO .

    PUNTOCOMA       reduce using rule 14 (valor -> NUMERO .)
    SUMA            reduce using rule 25 (variable -> NUMERO .)
    RESTA           reduce using rule 25 (variable -> NUMERO .)
    MULT            reduce using rule 25 (variable -> NUMERO .)
    DIVISION        reduce using rule 25 (variable -> NUMERO .)
    DIVISIONENTERA  reduce using rule 25 (variable -> NUMERO .)
    MODULO          reduce using rule 25 (variable -> NUMERO .)
    POTENCIA        reduce using rule 25 (variable -> NUMERO .)


state 70

    (84) queue -> IDENTIFICADOR FLECHASIMPLE ENQUEUE . PARENIZ valor PARENDER PUNTOCOMA

    PARENIZ         shift and go to state 109


state 71

    (85) queue -> IDENTIFICADOR FLECHASIMPLE COUNT . PARENIZ PARENDER PUNTOCOMA

    PARENIZ         shift and go to state 110


state 72

    (86) queue -> IDENTIFICADOR FLECHASIMPLE DEQUEUE . PARENIZ PARENDER PUNTOCOMA

    PARENIZ         shift and go to state 111


state 73

    (87) queue -> IDENTIFICADOR FLECHASIMPLE NEXT . PARENIZ PARENDER PUNTOCOMA
    (79) stack -> IDENTIFICADOR FLECHASIMPLE NEXT . PARENIZ PARENDER PUNTOCOMA

    PARENIZ         shift and go to state 112


state 74

    (88) queue -> IDENTIFICADOR FLECHASIMPLE REWIND . PARENIZ PARENDER PUNTOCOMA
    (80) stack -> IDENTIFICADOR FLECHASIMPLE REWIND . PARENIZ PARENDER PUNTOCOMA

    PARENIZ         shift and go to state 113


state 75

    (89) queue -> IDENTIFICADOR FLECHASIMPLE CURRENT . PARENIZ PARENDER PUNTOCOMA
    (81) stack -> IDENTIFICADOR FLECHASIMPLE CURRENT . PARENIZ PARENDER PUNTOCOMA

    PARENIZ         shift and go to state 114


state 76

    (90) queue -> IDENTIFICADOR FLECHASIMPLE VALID . PARENIZ PARENDER
    (82) stack -> IDENTIFICADOR FLECHASIMPLE VALID . PARENIZ PARENDER

    PARENIZ         shift and go to state 115


state 77

    (77) stack -> IDENTIFICADOR FLECHASIMPLE PUSH . PARENIZ valor PARENDER PUNTOCOMA

    PARENIZ         shift and go to state 116


state 78

    (53) echo -> ECHO valores PUNTOCOMA .

    $end            reduce using rule 53 (echo -> ECHO valores PUNTOCOMA .)
    LLAVEDER        reduce using rule 53 (echo -> ECHO valores PUNTOCOMA .)
    BREAK           reduce using rule 53 (echo -> ECHO valores PUNTOCOMA .)


state 79

    (11) valores -> valor COMA . valores
    (10) valores -> . valor
    (11) valores -> . valor COMA valores
    (14) valor -> . NUMERO
    (15) valor -> . CADENA
    (16) valor -> . BOOLEAN
    (17) valor -> . IDENTIFICADOR
    (12) NUMERO -> . ENTERO
    (13) NUMERO -> . FLOTANTE

    CADENA          shift and go to state 47
    BOOLEAN         shift and go to state 48
    IDENTIFICADOR   shift and go to state 49
    ENTERO          shift and go to state 35
    FLOTANTE        shift and go to state 41

    valor                          shift and go to state 45
    valores                        shift and go to state 117
    NUMERO                         shift and go to state 46

state 80

    (54) funcion -> FUNCTION NAMEFUNCTION PARENIZ . parametro PARENDER LLAVEIZ
    (55) parametro -> . IDENTIFICADOR
    (56) parametro -> . IDENTIFICADOR COMA parametro

    IDENTIFICADOR   shift and go to state 82

    parametro                      shift and go to state 118

state 81

    (57) funcion -> NAMEFUNCTION PARENIZ parametro . PARENDER PUNTOCOMA

    PARENDER        shift and go to state 119


state 82

    (55) parametro -> IDENTIFICADOR .
    (56) parametro -> IDENTIFICADOR . COMA parametro

    PARENDER        reduce using rule 55 (parametro -> IDENTIFICADOR .)
    COMA            shift and go to state 120


state 83

    (50) print -> PRINT PARENIZ valores . PARENDER PUNTOCOMA

    PARENDER        shift and go to state 121


state 84

    (52) print -> PRINT PARENIZ PARENDER . PUNTOCOMA

    PUNTOCOMA       shift and go to state 122


state 85

    (51) print -> PRINT valor PUNTOCOMA .

    $end            reduce using rule 51 (print -> PRINT valor PUNTOCOMA .)


state 86

    (59) return -> RETURN IDENTIFICADOR PUNTOCOMA .

    $end            reduce using rule 59 (return -> RETURN IDENTIFICADOR PUNTOCOMA .)


state 87

    (39) operaciones -> operacion operadorAritmetico operaciones .

    $end            reduce using rule 39 (operaciones -> operacion operadorAritmetico operaciones .)


state 88

    (40) operaciones -> IDENTIFICADOR . ASIGNAR operaciones
    (26) variable -> IDENTIFICADOR .

    ASIGNAR         shift and go to state 102
    SUMA            reduce using rule 26 (variable -> IDENTIFICADOR .)
    RESTA           reduce using rule 26 (variable -> IDENTIFICADOR .)
    MULT            reduce using rule 26 (variable -> IDENTIFICADOR .)
    DIVISION        reduce using rule 26 (variable -> IDENTIFICADOR .)
    DIVISIONENTERA  reduce using rule 26 (variable -> IDENTIFICADOR .)
    MODULO          reduce using rule 26 (variable -> IDENTIFICADOR .)
    POTENCIA        reduce using rule 26 (variable -> IDENTIFICADOR .)


state 89

    (65) while -> WHILE PARENIZ comparaciones . PARENDER LLAVEIZ

    PARENDER        shift and go to state 123


state 90

    (27) comparaciones -> comparacion .
    (28) comparaciones -> comparacion . operadores comparaciones
    (35) operadores -> . OPERADOR
    (36) operadores -> . AND
    (37) operadores -> . OR

    PARENDER        reduce using rule 27 (comparaciones -> comparacion .)
    OPERADOR        shift and go to state 125
    AND             shift and go to state 126
    OR              shift and go to state 127

    operadores                     shift and go to state 124

state 91

    (29) comparacion -> variable . comparadorNum variable
    (18) comparadorNum -> . MAYORQUE
    (19) comparadorNum -> . MAYORIGUALQUE
    (20) comparadorNum -> . MENORQUE
    (21) comparadorNum -> . MENORIGUALQUE

    MAYORQUE        shift and go to state 129
    MAYORIGUALQUE   shift and go to state 130
    MENORQUE        shift and go to state 131
    MENORIGUALQUE   shift and go to state 132

    comparadorNum                  shift and go to state 128

state 92

    (30) comparacion -> valor . comparador valor
    (22) comparador -> . IDENTICO
    (23) comparador -> . NOIDENTICO
    (24) comparador -> . IGUAL

    IDENTICO        shift and go to state 134
    NOIDENTICO      shift and go to state 135
    IGUAL           shift and go to state 136

    comparador                     shift and go to state 133

state 93

    (25) variable -> NUMERO .
    (14) valor -> NUMERO .

    MAYORQUE        reduce using rule 25 (variable -> NUMERO .)
    MAYORIGUALQUE   reduce using rule 25 (variable -> NUMERO .)
    MENORQUE        reduce using rule 25 (variable -> NUMERO .)
    MENORIGUALQUE   reduce using rule 25 (variable -> NUMERO .)
    IDENTICO        reduce using rule 14 (valor -> NUMERO .)
    NOIDENTICO      reduce using rule 14 (valor -> NUMERO .)
    IGUAL           reduce using rule 14 (valor -> NUMERO .)


state 94

    (26) variable -> IDENTIFICADOR .
    (17) valor -> IDENTIFICADOR .

    MAYORQUE        reduce using rule 26 (variable -> IDENTIFICADOR .)
    MAYORIGUALQUE   reduce using rule 26 (variable -> IDENTIFICADOR .)
    MENORQUE        reduce using rule 26 (variable -> IDENTIFICADOR .)
    MENORIGUALQUE   reduce using rule 26 (variable -> IDENTIFICADOR .)
    IDENTICO        reduce using rule 17 (valor -> IDENTIFICADOR .)
    NOIDENTICO      reduce using rule 17 (valor -> IDENTIFICADOR .)
    IGUAL           reduce using rule 17 (valor -> IDENTIFICADOR .)


state 95

    (66) for -> FOR PARENIZ IDENTIFICADOR . ASIGNAR ENTERO PUNTOCOMA IDENTIFICADOR comparadorNum ENTERO PUNTOCOMA IDENTIFICADOR incrementoDecremento PARENDER LLAVEIZ

    ASIGNAR         shift and go to state 137


state 96

    (72) if -> IF PARENIZ comparaciones . PARENDER LLAVEIZ

    PARENDER        shift and go to state 138


state 97

    (73) if -> IF PARENIZ IDENTIFICADOR . PARENDER LLAVEIZ
    (26) variable -> IDENTIFICADOR .
    (17) valor -> IDENTIFICADOR .

    PARENDER        shift and go to state 139
    MAYORQUE        reduce using rule 26 (variable -> IDENTIFICADOR .)
    MAYORIGUALQUE   reduce using rule 26 (variable -> IDENTIFICADOR .)
    MENORQUE        reduce using rule 26 (variable -> IDENTIFICADOR .)
    MENORIGUALQUE   reduce using rule 26 (variable -> IDENTIFICADOR .)
    IDENTICO        reduce using rule 17 (valor -> IDENTIFICADOR .)
    NOIDENTICO      reduce using rule 17 (valor -> IDENTIFICADOR .)
    IGUAL           reduce using rule 17 (valor -> IDENTIFICADOR .)


state 98

    (67) foreach -> FOREACH PARENIZ IDENTIFICADOR . AS IDENTIFICADOR PARENDER LLAVEIZ

    AS              shift and go to state 140


state 99

    (68) switch -> SWITCH PARENIZ valor . PARENDER LLAVEIZ casos DEFAULT DOSPUNTOS echo LLAVEDER

    PARENDER        shift and go to state 141


state 100

    (41) operacion -> variable operadorAritmetico variable .

    SUMA            reduce using rule 41 (operacion -> variable operadorAritmetico variable .)
    RESTA           reduce using rule 41 (operacion -> variable operadorAritmetico variable .)
    MULT            reduce using rule 41 (operacion -> variable operadorAritmetico variable .)
    DIVISION        reduce using rule 41 (operacion -> variable operadorAritmetico variable .)
    DIVISIONENTERA  reduce using rule 41 (operacion -> variable operadorAritmetico variable .)
    MODULO          reduce using rule 41 (operacion -> variable operadorAritmetico variable .)
    POTENCIA        reduce using rule 41 (operacion -> variable operadorAritmetico variable .)
    $end            reduce using rule 41 (operacion -> variable operadorAritmetico variable .)


state 101

    (26) variable -> IDENTIFICADOR .

    SUMA            reduce using rule 26 (variable -> IDENTIFICADOR .)
    RESTA           reduce using rule 26 (variable -> IDENTIFICADOR .)
    MULT            reduce using rule 26 (variable -> IDENTIFICADOR .)
    DIVISION        reduce using rule 26 (variable -> IDENTIFICADOR .)
    DIVISIONENTERA  reduce using rule 26 (variable -> IDENTIFICADOR .)
    MODULO          reduce using rule 26 (variable -> IDENTIFICADOR .)
    POTENCIA        reduce using rule 26 (variable -> IDENTIFICADOR .)
    $end            reduce using rule 26 (variable -> IDENTIFICADOR .)
    OPERADOR        reduce using rule 26 (variable -> IDENTIFICADOR .)
    AND             reduce using rule 26 (variable -> IDENTIFICADOR .)
    OR              reduce using rule 26 (variable -> IDENTIFICADOR .)
    PARENDER        reduce using rule 26 (variable -> IDENTIFICADOR .)


state 102

    (40) operaciones -> IDENTIFICADOR ASIGNAR . operaciones
    (38) operaciones -> . operacion
    (39) operaciones -> . operacion operadorAritmetico operaciones
    (40) operaciones -> . IDENTIFICADOR ASIGNAR operaciones
    (41) operacion -> . variable operadorAritmetico variable
    (25) variable -> . NUMERO
    (26) variable -> . IDENTIFICADOR
    (12) NUMERO -> . ENTERO
    (13) NUMERO -> . FLOTANTE

    IDENTIFICADOR   shift and go to state 88
    ENTERO          shift and go to state 35
    FLOTANTE        shift and go to state 41

    operaciones                    shift and go to state 65
    operacion                      shift and go to state 32
    variable                       shift and go to state 39
    NUMERO                         shift and go to state 40

state 103

    (49) asignacion -> IDENTIFICADOR ASIGNAR valor PUNTOCOMA .

    $end            reduce using rule 49 (asignacion -> IDENTIFICADOR ASIGNAR valor PUNTOCOMA .)


state 104

    (58) funcion -> IDENTIFICADOR ASIGNAR NAMEFUNCTION PARENIZ . parametro PARENDER PUNTOCOMA
    (55) parametro -> . IDENTIFICADOR
    (56) parametro -> . IDENTIFICADOR COMA parametro

    IDENTIFICADOR   shift and go to state 82

    parametro                      shift and go to state 142

state 105

    (83) queue -> IDENTIFICADOR ASIGNAR NEW QUEUE . PARENIZ PARENDER PUNTOCOMA

    PARENIZ         shift and go to state 143


state 106

    (78) stack -> IDENTIFICADOR ASIGNAR NEW STACK . PARENIZ PARENDER PUNTOCOMA

    PARENIZ         shift and go to state 144


state 107

    (91) array -> IDENTIFICADOR ASIGNAR ARRAY PARENIZ . valores PARENDER PUNTOCOMA
    (10) valores -> . valor
    (11) valores -> . valor COMA valores
    (14) valor -> . NUMERO
    (15) valor -> . CADENA
    (16) valor -> . BOOLEAN
    (17) valor -> . IDENTIFICADOR
    (12) NUMERO -> . ENTERO
    (13) NUMERO -> . FLOTANTE

    CADENA          shift and go to state 47
    BOOLEAN         shift and go to state 48
    IDENTIFICADOR   shift and go to state 49
    ENTERO          shift and go to state 35
    FLOTANTE        shift and go to state 41

    valores                        shift and go to state 145
    valor                          shift and go to state 45
    NUMERO                         shift and go to state 46

state 108

    (92) array -> IDENTIFICADOR ASIGNAR CORCHETEIZ valores . CORCHETEDER PUNTOCOMA

    CORCHETEDER     shift and go to state 146


state 109

    (84) queue -> IDENTIFICADOR FLECHASIMPLE ENQUEUE PARENIZ . valor PARENDER PUNTOCOMA
    (14) valor -> . NUMERO
    (15) valor -> . CADENA
    (16) valor -> . BOOLEAN
    (17) valor -> . IDENTIFICADOR
    (12) NUMERO -> . ENTERO
    (13) NUMERO -> . FLOTANTE

    CADENA          shift and go to state 47
    BOOLEAN         shift and go to state 48
    IDENTIFICADOR   shift and go to state 49
    ENTERO          shift and go to state 35
    FLOTANTE        shift and go to state 41

    valor                          shift and go to state 147
    NUMERO                         shift and go to state 46

state 110

    (85) queue -> IDENTIFICADOR FLECHASIMPLE COUNT PARENIZ . PARENDER PUNTOCOMA

    PARENDER        shift and go to state 148


state 111

    (86) queue -> IDENTIFICADOR FLECHASIMPLE DEQUEUE PARENIZ . PARENDER PUNTOCOMA

    PARENDER        shift and go to state 149


state 112

    (87) queue -> IDENTIFICADOR FLECHASIMPLE NEXT PARENIZ . PARENDER PUNTOCOMA
    (79) stack -> IDENTIFICADOR FLECHASIMPLE NEXT PARENIZ . PARENDER PUNTOCOMA

    PARENDER        shift and go to state 150


state 113

    (88) queue -> IDENTIFICADOR FLECHASIMPLE REWIND PARENIZ . PARENDER PUNTOCOMA
    (80) stack -> IDENTIFICADOR FLECHASIMPLE REWIND PARENIZ . PARENDER PUNTOCOMA

    PARENDER        shift and go to state 151


state 114

    (89) queue -> IDENTIFICADOR FLECHASIMPLE CURRENT PARENIZ . PARENDER PUNTOCOMA
    (81) stack -> IDENTIFICADOR FLECHASIMPLE CURRENT PARENIZ . PARENDER PUNTOCOMA

    PARENDER        shift and go to state 152


state 115

    (90) queue -> IDENTIFICADOR FLECHASIMPLE VALID PARENIZ . PARENDER
    (82) stack -> IDENTIFICADOR FLECHASIMPLE VALID PARENIZ . PARENDER

    PARENDER        shift and go to state 153


state 116

    (77) stack -> IDENTIFICADOR FLECHASIMPLE PUSH PARENIZ . valor PARENDER PUNTOCOMA
    (14) valor -> . NUMERO
    (15) valor -> . CADENA
    (16) valor -> . BOOLEAN
    (17) valor -> . IDENTIFICADOR
    (12) NUMERO -> . ENTERO
    (13) NUMERO -> . FLOTANTE

    CADENA          shift and go to state 47
    BOOLEAN         shift and go to state 48
    IDENTIFICADOR   shift and go to state 49
    ENTERO          shift and go to state 35
    FLOTANTE        shift and go to state 41

    valor                          shift and go to state 154
    NUMERO                         shift and go to state 46

state 117

    (11) valores -> valor COMA valores .

    PUNTOCOMA       reduce using rule 11 (valores -> valor COMA valores .)
    PARENDER        reduce using rule 11 (valores -> valor COMA valores .)
    CORCHETEDER     reduce using rule 11 (valores -> valor COMA valores .)


state 118

    (54) funcion -> FUNCTION NAMEFUNCTION PARENIZ parametro . PARENDER LLAVEIZ

    PARENDER        shift and go to state 155


state 119

    (57) funcion -> NAMEFUNCTION PARENIZ parametro PARENDER . PUNTOCOMA

    PUNTOCOMA       shift and go to state 156


state 120

    (56) parametro -> IDENTIFICADOR COMA . parametro
    (55) parametro -> . IDENTIFICADOR
    (56) parametro -> . IDENTIFICADOR COMA parametro

    IDENTIFICADOR   shift and go to state 82

    parametro                      shift and go to state 157

state 121

    (50) print -> PRINT PARENIZ valores PARENDER . PUNTOCOMA

    PUNTOCOMA       shift and go to state 158


state 122

    (52) print -> PRINT PARENIZ PARENDER PUNTOCOMA .

    $end            reduce using rule 52 (print -> PRINT PARENIZ PARENDER PUNTOCOMA .)


state 123

    (65) while -> WHILE PARENIZ comparaciones PARENDER . LLAVEIZ

    LLAVEIZ         shift and go to state 159


state 124

    (28) comparaciones -> comparacion operadores . comparaciones
    (27) comparaciones -> . comparacion
    (28) comparaciones -> . comparacion operadores comparaciones
    (29) comparacion -> . variable comparadorNum variable
    (30) comparacion -> . valor comparador valor
    (25) variable -> . NUMERO
    (26) variable -> . IDENTIFICADOR
    (14) valor -> . NUMERO
    (15) valor -> . CADENA
    (16) valor -> . BOOLEAN
    (17) valor -> . IDENTIFICADOR
    (12) NUMERO -> . ENTERO
    (13) NUMERO -> . FLOTANTE

    IDENTIFICADOR   shift and go to state 94
    CADENA          shift and go to state 47
    BOOLEAN         shift and go to state 48
    ENTERO          shift and go to state 35
    FLOTANTE        shift and go to state 41

    comparacion                    shift and go to state 90
    comparaciones                  shift and go to state 160
    variable                       shift and go to state 91
    valor                          shift and go to state 92
    NUMERO                         shift and go to state 93

state 125

    (35) operadores -> OPERADOR .

    IDENTIFICADOR   reduce using rule 35 (operadores -> OPERADOR .)
    CADENA          reduce using rule 35 (operadores -> OPERADOR .)
    BOOLEAN         reduce using rule 35 (operadores -> OPERADOR .)
    ENTERO          reduce using rule 35 (operadores -> OPERADOR .)
    FLOTANTE        reduce using rule 35 (operadores -> OPERADOR .)


state 126

    (36) operadores -> AND .

    IDENTIFICADOR   reduce using rule 36 (operadores -> AND .)
    CADENA          reduce using rule 36 (operadores -> AND .)
    BOOLEAN         reduce using rule 36 (operadores -> AND .)
    ENTERO          reduce using rule 36 (operadores -> AND .)
    FLOTANTE        reduce using rule 36 (operadores -> AND .)


state 127

    (37) operadores -> OR .

    IDENTIFICADOR   reduce using rule 37 (operadores -> OR .)
    CADENA          reduce using rule 37 (operadores -> OR .)
    BOOLEAN         reduce using rule 37 (operadores -> OR .)
    ENTERO          reduce using rule 37 (operadores -> OR .)
    FLOTANTE        reduce using rule 37 (operadores -> OR .)


state 128

    (29) comparacion -> variable comparadorNum . variable
    (25) variable -> . NUMERO
    (26) variable -> . IDENTIFICADOR
    (12) NUMERO -> . ENTERO
    (13) NUMERO -> . FLOTANTE

    IDENTIFICADOR   shift and go to state 101
    ENTERO          shift and go to state 35
    FLOTANTE        shift and go to state 41

    variable                       shift and go to state 161
    NUMERO                         shift and go to state 40

state 129

    (18) comparadorNum -> MAYORQUE .

    IDENTIFICADOR   reduce using rule 18 (comparadorNum -> MAYORQUE .)
    ENTERO          reduce using rule 18 (comparadorNum -> MAYORQUE .)
    FLOTANTE        reduce using rule 18 (comparadorNum -> MAYORQUE .)


state 130

    (19) comparadorNum -> MAYORIGUALQUE .

    IDENTIFICADOR   reduce using rule 19 (comparadorNum -> MAYORIGUALQUE .)
    ENTERO          reduce using rule 19 (comparadorNum -> MAYORIGUALQUE .)
    FLOTANTE        reduce using rule 19 (comparadorNum -> MAYORIGUALQUE .)


state 131

    (20) comparadorNum -> MENORQUE .

    IDENTIFICADOR   reduce using rule 20 (comparadorNum -> MENORQUE .)
    ENTERO          reduce using rule 20 (comparadorNum -> MENORQUE .)
    FLOTANTE        reduce using rule 20 (comparadorNum -> MENORQUE .)


state 132

    (21) comparadorNum -> MENORIGUALQUE .

    IDENTIFICADOR   reduce using rule 21 (comparadorNum -> MENORIGUALQUE .)
    ENTERO          reduce using rule 21 (comparadorNum -> MENORIGUALQUE .)
    FLOTANTE        reduce using rule 21 (comparadorNum -> MENORIGUALQUE .)


state 133

    (30) comparacion -> valor comparador . valor
    (14) valor -> . NUMERO
    (15) valor -> . CADENA
    (16) valor -> . BOOLEAN
    (17) valor -> . IDENTIFICADOR
    (12) NUMERO -> . ENTERO
    (13) NUMERO -> . FLOTANTE

    CADENA          shift and go to state 47
    BOOLEAN         shift and go to state 48
    IDENTIFICADOR   shift and go to state 49
    ENTERO          shift and go to state 35
    FLOTANTE        shift and go to state 41

    valor                          shift and go to state 162
    NUMERO                         shift and go to state 46

state 134

    (22) comparador -> IDENTICO .

    CADENA          reduce using rule 22 (comparador -> IDENTICO .)
    BOOLEAN         reduce using rule 22 (comparador -> IDENTICO .)
    IDENTIFICADOR   reduce using rule 22 (comparador -> IDENTICO .)
    ENTERO          reduce using rule 22 (comparador -> IDENTICO .)
    FLOTANTE        reduce using rule 22 (comparador -> IDENTICO .)


state 135

    (23) comparador -> NOIDENTICO .

    CADENA          reduce using rule 23 (comparador -> NOIDENTICO .)
    BOOLEAN         reduce using rule 23 (comparador -> NOIDENTICO .)
    IDENTIFICADOR   reduce using rule 23 (comparador -> NOIDENTICO .)
    ENTERO          reduce using rule 23 (comparador -> NOIDENTICO .)
    FLOTANTE        reduce using rule 23 (comparador -> NOIDENTICO .)


state 136

    (24) comparador -> IGUAL .

    CADENA          reduce using rule 24 (comparador -> IGUAL .)
    BOOLEAN         reduce using rule 24 (comparador -> IGUAL .)
    IDENTIFICADOR   reduce using rule 24 (comparador -> IGUAL .)
    ENTERO          reduce using rule 24 (comparador -> IGUAL .)
    FLOTANTE        reduce using rule 24 (comparador -> IGUAL .)


state 137

    (66) for -> FOR PARENIZ IDENTIFICADOR ASIGNAR . ENTERO PUNTOCOMA IDENTIFICADOR comparadorNum ENTERO PUNTOCOMA IDENTIFICADOR incrementoDecremento PARENDER LLAVEIZ

    ENTERO          shift and go to state 163


state 138

    (72) if -> IF PARENIZ comparaciones PARENDER . LLAVEIZ

    LLAVEIZ         shift and go to state 164


state 139

    (73) if -> IF PARENIZ IDENTIFICADOR PARENDER . LLAVEIZ

    LLAVEIZ         shift and go to state 165


state 140

    (67) foreach -> FOREACH PARENIZ IDENTIFICADOR AS . IDENTIFICADOR PARENDER LLAVEIZ

    IDENTIFICADOR   shift and go to state 166


state 141

    (68) switch -> SWITCH PARENIZ valor PARENDER . LLAVEIZ casos DEFAULT DOSPUNTOS echo LLAVEDER

    LLAVEIZ         shift and go to state 167


state 142

    (58) funcion -> IDENTIFICADOR ASIGNAR NAMEFUNCTION PARENIZ parametro . PARENDER PUNTOCOMA

    PARENDER        shift and go to state 168


state 143

    (83) queue -> IDENTIFICADOR ASIGNAR NEW QUEUE PARENIZ . PARENDER PUNTOCOMA

    PARENDER        shift and go to state 169


state 144

    (78) stack -> IDENTIFICADOR ASIGNAR NEW STACK PARENIZ . PARENDER PUNTOCOMA

    PARENDER        shift and go to state 170


state 145

    (91) array -> IDENTIFICADOR ASIGNAR ARRAY PARENIZ valores . PARENDER PUNTOCOMA

    PARENDER        shift and go to state 171


state 146

    (92) array -> IDENTIFICADOR ASIGNAR CORCHETEIZ valores CORCHETEDER . PUNTOCOMA

    PUNTOCOMA       shift and go to state 172


state 147

    (84) queue -> IDENTIFICADOR FLECHASIMPLE ENQUEUE PARENIZ valor . PARENDER PUNTOCOMA

    PARENDER        shift and go to state 173


state 148

    (85) queue -> IDENTIFICADOR FLECHASIMPLE COUNT PARENIZ PARENDER . PUNTOCOMA

    PUNTOCOMA       shift and go to state 174


state 149

    (86) queue -> IDENTIFICADOR FLECHASIMPLE DEQUEUE PARENIZ PARENDER . PUNTOCOMA

    PUNTOCOMA       shift and go to state 175


state 150

    (87) queue -> IDENTIFICADOR FLECHASIMPLE NEXT PARENIZ PARENDER . PUNTOCOMA
    (79) stack -> IDENTIFICADOR FLECHASIMPLE NEXT PARENIZ PARENDER . PUNTOCOMA

    PUNTOCOMA       shift and go to state 176


state 151

    (88) queue -> IDENTIFICADOR FLECHASIMPLE REWIND PARENIZ PARENDER . PUNTOCOMA
    (80) stack -> IDENTIFICADOR FLECHASIMPLE REWIND PARENIZ PARENDER . PUNTOCOMA

    PUNTOCOMA       shift and go to state 177


state 152

    (89) queue -> IDENTIFICADOR FLECHASIMPLE CURRENT PARENIZ PARENDER . PUNTOCOMA
    (81) stack -> IDENTIFICADOR FLECHASIMPLE CURRENT PARENIZ PARENDER . PUNTOCOMA

    PUNTOCOMA       shift and go to state 178


state 153

    (90) queue -> IDENTIFICADOR FLECHASIMPLE VALID PARENIZ PARENDER .
    (82) stack -> IDENTIFICADOR FLECHASIMPLE VALID PARENIZ PARENDER .

  ! reduce/reduce conflict for $end resolved using rule 82 (stack -> IDENTIFICADOR FLECHASIMPLE VALID PARENIZ PARENDER .)
    $end            reduce using rule 82 (stack -> IDENTIFICADOR FLECHASIMPLE VALID PARENIZ PARENDER .)

  ! $end            [ reduce using rule 90 (queue -> IDENTIFICADOR FLECHASIMPLE VALID PARENIZ PARENDER .) ]


state 154

    (77) stack -> IDENTIFICADOR FLECHASIMPLE PUSH PARENIZ valor . PARENDER PUNTOCOMA

    PARENDER        shift and go to state 179


state 155

    (54) funcion -> FUNCTION NAMEFUNCTION PARENIZ parametro PARENDER . LLAVEIZ

    LLAVEIZ         shift and go to state 180


state 156

    (57) funcion -> NAMEFUNCTION PARENIZ parametro PARENDER PUNTOCOMA .

    $end            reduce using rule 57 (funcion -> NAMEFUNCTION PARENIZ parametro PARENDER PUNTOCOMA .)


state 157

    (56) parametro -> IDENTIFICADOR COMA parametro .

    PARENDER        reduce using rule 56 (parametro -> IDENTIFICADOR COMA parametro .)


state 158

    (50) print -> PRINT PARENIZ valores PARENDER PUNTOCOMA .

    $end            reduce using rule 50 (print -> PRINT PARENIZ valores PARENDER PUNTOCOMA .)


state 159

    (65) while -> WHILE PARENIZ comparaciones PARENDER LLAVEIZ .

    $end            reduce using rule 65 (while -> WHILE PARENIZ comparaciones PARENDER LLAVEIZ .)


state 160

    (28) comparaciones -> comparacion operadores comparaciones .

    PARENDER        reduce using rule 28 (comparaciones -> comparacion operadores comparaciones .)


state 161

    (29) comparacion -> variable comparadorNum variable .

    OPERADOR        reduce using rule 29 (comparacion -> variable comparadorNum variable .)
    AND             reduce using rule 29 (comparacion -> variable comparadorNum variable .)
    OR              reduce using rule 29 (comparacion -> variable comparadorNum variable .)
    PARENDER        reduce using rule 29 (comparacion -> variable comparadorNum variable .)


state 162

    (30) comparacion -> valor comparador valor .

    OPERADOR        reduce using rule 30 (comparacion -> valor comparador valor .)
    AND             reduce using rule 30 (comparacion -> valor comparador valor .)
    OR              reduce using rule 30 (comparacion -> valor comparador valor .)
    PARENDER        reduce using rule 30 (comparacion -> valor comparador valor .)


state 163

    (66) for -> FOR PARENIZ IDENTIFICADOR ASIGNAR ENTERO . PUNTOCOMA IDENTIFICADOR comparadorNum ENTERO PUNTOCOMA IDENTIFICADOR incrementoDecremento PARENDER LLAVEIZ

    PUNTOCOMA       shift and go to state 181


state 164

    (72) if -> IF PARENIZ comparaciones PARENDER LLAVEIZ .

    $end            reduce using rule 72 (if -> IF PARENIZ comparaciones PARENDER LLAVEIZ .)


state 165

    (73) if -> IF PARENIZ IDENTIFICADOR PARENDER LLAVEIZ .

    $end            reduce using rule 73 (if -> IF PARENIZ IDENTIFICADOR PARENDER LLAVEIZ .)


state 166

    (67) foreach -> FOREACH PARENIZ IDENTIFICADOR AS IDENTIFICADOR . PARENDER LLAVEIZ

    PARENDER        shift and go to state 182


state 167

    (68) switch -> SWITCH PARENIZ valor PARENDER LLAVEIZ . casos DEFAULT DOSPUNTOS echo LLAVEDER
    (69) casos -> . caso
    (70) casos -> . caso casos
    (71) caso -> . CASE valor DOSPUNTOS echo BREAK PUNTOCOMA

    CASE            shift and go to state 185

    casos                          shift and go to state 183
    caso                           shift and go to state 184

state 168

    (58) funcion -> IDENTIFICADOR ASIGNAR NAMEFUNCTION PARENIZ parametro PARENDER . PUNTOCOMA

    PUNTOCOMA       shift and go to state 186


state 169

    (83) queue -> IDENTIFICADOR ASIGNAR NEW QUEUE PARENIZ PARENDER . PUNTOCOMA

    PUNTOCOMA       shift and go to state 187


state 170

    (78) stack -> IDENTIFICADOR ASIGNAR NEW STACK PARENIZ PARENDER . PUNTOCOMA

    PUNTOCOMA       shift and go to state 188


state 171

    (91) array -> IDENTIFICADOR ASIGNAR ARRAY PARENIZ valores PARENDER . PUNTOCOMA

    PUNTOCOMA       shift and go to state 189


state 172

    (92) array -> IDENTIFICADOR ASIGNAR CORCHETEIZ valores CORCHETEDER PUNTOCOMA .

    $end            reduce using rule 92 (array -> IDENTIFICADOR ASIGNAR CORCHETEIZ valores CORCHETEDER PUNTOCOMA .)


state 173

    (84) queue -> IDENTIFICADOR FLECHASIMPLE ENQUEUE PARENIZ valor PARENDER . PUNTOCOMA

    PUNTOCOMA       shift and go to state 190


state 174

    (85) queue -> IDENTIFICADOR FLECHASIMPLE COUNT PARENIZ PARENDER PUNTOCOMA .

    $end            reduce using rule 85 (queue -> IDENTIFICADOR FLECHASIMPLE COUNT PARENIZ PARENDER PUNTOCOMA .)


state 175

    (86) queue -> IDENTIFICADOR FLECHASIMPLE DEQUEUE PARENIZ PARENDER PUNTOCOMA .

    $end            reduce using rule 86 (queue -> IDENTIFICADOR FLECHASIMPLE DEQUEUE PARENIZ PARENDER PUNTOCOMA .)


state 176

    (87) queue -> IDENTIFICADOR FLECHASIMPLE NEXT PARENIZ PARENDER PUNTOCOMA .
    (79) stack -> IDENTIFICADOR FLECHASIMPLE NEXT PARENIZ PARENDER PUNTOCOMA .

  ! reduce/reduce conflict for $end resolved using rule 79 (stack -> IDENTIFICADOR FLECHASIMPLE NEXT PARENIZ PARENDER PUNTOCOMA .)
    $end            reduce using rule 79 (stack -> IDENTIFICADOR FLECHASIMPLE NEXT PARENIZ PARENDER PUNTOCOMA .)

  ! $end            [ reduce using rule 87 (queue -> IDENTIFICADOR FLECHASIMPLE NEXT PARENIZ PARENDER PUNTOCOMA .) ]


state 177

    (88) queue -> IDENTIFICADOR FLECHASIMPLE REWIND PARENIZ PARENDER PUNTOCOMA .
    (80) stack -> IDENTIFICADOR FLECHASIMPLE REWIND PARENIZ PARENDER PUNTOCOMA .

  ! reduce/reduce conflict for $end resolved using rule 80 (stack -> IDENTIFICADOR FLECHASIMPLE REWIND PARENIZ PARENDER PUNTOCOMA .)
    $end            reduce using rule 80 (stack -> IDENTIFICADOR FLECHASIMPLE REWIND PARENIZ PARENDER PUNTOCOMA .)

  ! $end            [ reduce using rule 88 (queue -> IDENTIFICADOR FLECHASIMPLE REWIND PARENIZ PARENDER PUNTOCOMA .) ]


state 178

    (89) queue -> IDENTIFICADOR FLECHASIMPLE CURRENT PARENIZ PARENDER PUNTOCOMA .
    (81) stack -> IDENTIFICADOR FLECHASIMPLE CURRENT PARENIZ PARENDER PUNTOCOMA .

  ! reduce/reduce conflict for $end resolved using rule 81 (stack -> IDENTIFICADOR FLECHASIMPLE CURRENT PARENIZ PARENDER PUNTOCOMA .)
    $end            reduce using rule 81 (stack -> IDENTIFICADOR FLECHASIMPLE CURRENT PARENIZ PARENDER PUNTOCOMA .)

  ! $end            [ reduce using rule 89 (queue -> IDENTIFICADOR FLECHASIMPLE CURRENT PARENIZ PARENDER PUNTOCOMA .) ]


state 179

    (77) stack -> IDENTIFICADOR FLECHASIMPLE PUSH PARENIZ valor PARENDER . PUNTOCOMA

    PUNTOCOMA       shift and go to state 191


state 180

    (54) funcion -> FUNCTION NAMEFUNCTION PARENIZ parametro PARENDER LLAVEIZ .

    $end            reduce using rule 54 (funcion -> FUNCTION NAMEFUNCTION PARENIZ parametro PARENDER LLAVEIZ .)


state 181

    (66) for -> FOR PARENIZ IDENTIFICADOR ASIGNAR ENTERO PUNTOCOMA . IDENTIFICADOR comparadorNum ENTERO PUNTOCOMA IDENTIFICADOR incrementoDecremento PARENDER LLAVEIZ

    IDENTIFICADOR   shift and go to state 192


state 182

    (67) foreach -> FOREACH PARENIZ IDENTIFICADOR AS IDENTIFICADOR PARENDER . LLAVEIZ

    LLAVEIZ         shift and go to state 193


state 183

    (68) switch -> SWITCH PARENIZ valor PARENDER LLAVEIZ casos . DEFAULT DOSPUNTOS echo LLAVEDER

    DEFAULT         shift and go to state 194


state 184

    (69) casos -> caso .
    (70) casos -> caso . casos
    (69) casos -> . caso
    (70) casos -> . caso casos
    (71) caso -> . CASE valor DOSPUNTOS echo BREAK PUNTOCOMA

    DEFAULT         reduce using rule 69 (casos -> caso .)
    CASE            shift and go to state 185

    caso                           shift and go to state 184
    casos                          shift and go to state 195

state 185

    (71) caso -> CASE . valor DOSPUNTOS echo BREAK PUNTOCOMA
    (14) valor -> . NUMERO
    (15) valor -> . CADENA
    (16) valor -> . BOOLEAN
    (17) valor -> . IDENTIFICADOR
    (12) NUMERO -> . ENTERO
    (13) NUMERO -> . FLOTANTE

    CADENA          shift and go to state 47
    BOOLEAN         shift and go to state 48
    IDENTIFICADOR   shift and go to state 49
    ENTERO          shift and go to state 35
    FLOTANTE        shift and go to state 41

    valor                          shift and go to state 196
    NUMERO                         shift and go to state 46

state 186

    (58) funcion -> IDENTIFICADOR ASIGNAR NAMEFUNCTION PARENIZ parametro PARENDER PUNTOCOMA .

    $end            reduce using rule 58 (funcion -> IDENTIFICADOR ASIGNAR NAMEFUNCTION PARENIZ parametro PARENDER PUNTOCOMA .)


state 187

    (83) queue -> IDENTIFICADOR ASIGNAR NEW QUEUE PARENIZ PARENDER PUNTOCOMA .

    $end            reduce using rule 83 (queue -> IDENTIFICADOR ASIGNAR NEW QUEUE PARENIZ PARENDER PUNTOCOMA .)


state 188

    (78) stack -> IDENTIFICADOR ASIGNAR NEW STACK PARENIZ PARENDER PUNTOCOMA .

    $end            reduce using rule 78 (stack -> IDENTIFICADOR ASIGNAR NEW STACK PARENIZ PARENDER PUNTOCOMA .)


state 189

    (91) array -> IDENTIFICADOR ASIGNAR ARRAY PARENIZ valores PARENDER PUNTOCOMA .

    $end            reduce using rule 91 (array -> IDENTIFICADOR ASIGNAR ARRAY PARENIZ valores PARENDER PUNTOCOMA .)


state 190

    (84) queue -> IDENTIFICADOR FLECHASIMPLE ENQUEUE PARENIZ valor PARENDER PUNTOCOMA .

    $end            reduce using rule 84 (queue -> IDENTIFICADOR FLECHASIMPLE ENQUEUE PARENIZ valor PARENDER PUNTOCOMA .)


state 191

    (77) stack -> IDENTIFICADOR FLECHASIMPLE PUSH PARENIZ valor PARENDER PUNTOCOMA .

    $end            reduce using rule 77 (stack -> IDENTIFICADOR FLECHASIMPLE PUSH PARENIZ valor PARENDER PUNTOCOMA .)


state 192

    (66) for -> FOR PARENIZ IDENTIFICADOR ASIGNAR ENTERO PUNTOCOMA IDENTIFICADOR . comparadorNum ENTERO PUNTOCOMA IDENTIFICADOR incrementoDecremento PARENDER LLAVEIZ
    (18) comparadorNum -> . MAYORQUE
    (19) comparadorNum -> . MAYORIGUALQUE
    (20) comparadorNum -> . MENORQUE
    (21) comparadorNum -> . MENORIGUALQUE

    MAYORQUE        shift and go to state 129
    MAYORIGUALQUE   shift and go to state 130
    MENORQUE        shift and go to state 131
    MENORIGUALQUE   shift and go to state 132

    comparadorNum                  shift and go to state 197

state 193

    (67) foreach -> FOREACH PARENIZ IDENTIFICADOR AS IDENTIFICADOR PARENDER LLAVEIZ .

    $end            reduce using rule 67 (foreach -> FOREACH PARENIZ IDENTIFICADOR AS IDENTIFICADOR PARENDER LLAVEIZ .)


state 194

    (68) switch -> SWITCH PARENIZ valor PARENDER LLAVEIZ casos DEFAULT . DOSPUNTOS echo LLAVEDER

    DOSPUNTOS       shift and go to state 198


state 195

    (70) casos -> caso casos .

    DEFAULT         reduce using rule 70 (casos -> caso casos .)


state 196

    (71) caso -> CASE valor . DOSPUNTOS echo BREAK PUNTOCOMA

    DOSPUNTOS       shift and go to state 199


state 197

    (66) for -> FOR PARENIZ IDENTIFICADOR ASIGNAR ENTERO PUNTOCOMA IDENTIFICADOR comparadorNum . ENTERO PUNTOCOMA IDENTIFICADOR incrementoDecremento PARENDER LLAVEIZ

    ENTERO          shift and go to state 200


state 198

    (68) switch -> SWITCH PARENIZ valor PARENDER LLAVEIZ casos DEFAULT DOSPUNTOS . echo LLAVEDER
    (53) echo -> . ECHO valores PUNTOCOMA

    ECHO            shift and go to state 12

    echo                           shift and go to state 201

state 199

    (71) caso -> CASE valor DOSPUNTOS . echo BREAK PUNTOCOMA
    (53) echo -> . ECHO valores PUNTOCOMA

    ECHO            shift and go to state 12

    echo                           shift and go to state 202

state 200

    (66) for -> FOR PARENIZ IDENTIFICADOR ASIGNAR ENTERO PUNTOCOMA IDENTIFICADOR comparadorNum ENTERO . PUNTOCOMA IDENTIFICADOR incrementoDecremento PARENDER LLAVEIZ

    PUNTOCOMA       shift and go to state 203


state 201

    (68) switch -> SWITCH PARENIZ valor PARENDER LLAVEIZ casos DEFAULT DOSPUNTOS echo . LLAVEDER

    LLAVEDER        shift and go to state 204


state 202

    (71) caso -> CASE valor DOSPUNTOS echo . BREAK PUNTOCOMA

    BREAK           shift and go to state 205


state 203

    (66) for -> FOR PARENIZ IDENTIFICADOR ASIGNAR ENTERO PUNTOCOMA IDENTIFICADOR comparadorNum ENTERO PUNTOCOMA . IDENTIFICADOR incrementoDecremento PARENDER LLAVEIZ

    IDENTIFICADOR   shift and go to state 206


state 204

    (68) switch -> SWITCH PARENIZ valor PARENDER LLAVEIZ casos DEFAULT DOSPUNTOS echo LLAVEDER .

    $end            reduce using rule 68 (switch -> SWITCH PARENIZ valor PARENDER LLAVEIZ casos DEFAULT DOSPUNTOS echo LLAVEDER .)


state 205

    (71) caso -> CASE valor DOSPUNTOS echo BREAK . PUNTOCOMA

    PUNTOCOMA       shift and go to state 207


state 206

    (66) for -> FOR PARENIZ IDENTIFICADOR ASIGNAR ENTERO PUNTOCOMA IDENTIFICADOR comparadorNum ENTERO PUNTOCOMA IDENTIFICADOR . incrementoDecremento PARENDER LLAVEIZ
    (31) incrementoDecremento -> . INCREMENTO
    (32) incrementoDecremento -> . DECREMENTO
    (33) incrementoDecremento -> . SUMA ENTERO
    (34) incrementoDecremento -> . RESTA ENTERO

    INCREMENTO      shift and go to state 209
    DECREMENTO      shift and go to state 210
    SUMA            shift and go to state 211
    RESTA           shift and go to state 212

    incrementoDecremento           shift and go to state 208

state 207

    (71) caso -> CASE valor DOSPUNTOS echo BREAK PUNTOCOMA .

    CASE            reduce using rule 71 (caso -> CASE valor DOSPUNTOS echo BREAK PUNTOCOMA .)
    DEFAULT         reduce using rule 71 (caso -> CASE valor DOSPUNTOS echo BREAK PUNTOCOMA .)


state 208

    (66) for -> FOR PARENIZ IDENTIFICADOR ASIGNAR ENTERO PUNTOCOMA IDENTIFICADOR comparadorNum ENTERO PUNTOCOMA IDENTIFICADOR incrementoDecremento . PARENDER LLAVEIZ

    PARENDER        shift and go to state 213


state 209

    (31) incrementoDecremento -> INCREMENTO .

    PARENDER        reduce using rule 31 (incrementoDecremento -> INCREMENTO .)


state 210

    (32) incrementoDecremento -> DECREMENTO .

    PARENDER        reduce using rule 32 (incrementoDecremento -> DECREMENTO .)


state 211

    (33) incrementoDecremento -> SUMA . ENTERO

    ENTERO          shift and go to state 214


state 212

    (34) incrementoDecremento -> RESTA . ENTERO

    ENTERO          shift and go to state 215


state 213

    (66) for -> FOR PARENIZ IDENTIFICADOR ASIGNAR ENTERO PUNTOCOMA IDENTIFICADOR comparadorNum ENTERO PUNTOCOMA IDENTIFICADOR incrementoDecremento PARENDER . LLAVEIZ

    LLAVEIZ         shift and go to state 216


state 214

    (33) incrementoDecremento -> SUMA ENTERO .

    PARENDER        reduce using rule 33 (incrementoDecremento -> SUMA ENTERO .)


state 215

    (34) incrementoDecremento -> RESTA ENTERO .

    PARENDER        reduce using rule 34 (incrementoDecremento -> RESTA ENTERO .)


state 216

    (66) for -> FOR PARENIZ IDENTIFICADOR ASIGNAR ENTERO PUNTOCOMA IDENTIFICADOR comparadorNum ENTERO PUNTOCOMA IDENTIFICADOR incrementoDecremento PARENDER LLAVEIZ .

    $end            reduce using rule 66 (for -> FOR PARENIZ IDENTIFICADOR ASIGNAR ENTERO PUNTOCOMA IDENTIFICADOR comparadorNum ENTERO PUNTOCOMA IDENTIFICADOR incrementoDecremento PARENDER LLAVEIZ .)

WARNING: 
WARNING: Conflicts:
WARNING: 
WARNING: reduce/reduce conflict in state 153 resolved using rule (stack -> IDENTIFICADOR FLECHASIMPLE VALID PARENIZ PARENDER)
WARNING: rejected rule (queue -> IDENTIFICADOR FLECHASIMPLE VALID PARENIZ PARENDER) in state 153
WARNING: reduce/reduce conflict in state 176 resolved using rule (stack -> IDENTIFICADOR FLECHASIMPLE NEXT PARENIZ PARENDER PUNTOCOMA)
WARNING: rejected rule (queue -> IDENTIFICADOR FLECHASIMPLE NEXT PARENIZ PARENDER PUNTOCOMA) in state 176
WARNING: reduce/reduce conflict in state 177 resolved using rule (stack -> IDENTIFICADOR FLECHASIMPLE REWIND PARENIZ PARENDER PUNTOCOMA)
WARNING: rejected rule (queue -> IDENTIFICADOR FLECHASIMPLE REWIND PARENIZ PARENDER PUNTOCOMA) in state 177
WARNING: reduce/reduce conflict in state 178 resolved using rule (stack -> IDENTIFICADOR FLECHASIMPLE CURRENT PARENIZ PARENDER PUNTOCOMA)
WARNING: rejected rule (queue -> IDENTIFICADOR FLECHASIMPLE CURRENT PARENIZ PARENDER PUNTOCOMA) in state 178
WARNING: Rule (queue -> IDENTIFICADOR FLECHASIMPLE VALID PARENIZ PARENDER) is never reduced
WARNING: Rule (queue -> IDENTIFICADOR FLECHASIMPLE NEXT PARENIZ PARENDER PUNTOCOMA) is never reduced
WARNING: Rule (queue -> IDENTIFICADOR FLECHASIMPLE REWIND PARENIZ PARENDER PUNTOCOMA) is never reduced
WARNING: Rule (queue -> IDENTIFICADOR FLECHASIMPLE CURRENT PARENIZ PARENDER PUNTOCOMA) is never reduced
